SQL> SET FEEDBACK ON
SQL> 
SQL> -- Mostrar informacion de entorno
SQL> PROMPT *** Iniciando eliminacion del script maestro ***
*** Iniciando eliminacion del script maestro ***
SQL> SELECT banner FROM v$version;

BANNER                                                                          
--------------------------------------------------------------------------------
Oracle Database 21c Express Edition Release 21.0.0.0.0 - Production

1 fila seleccionada. 

SQL> SELECT 'Usuario: ' || USER || ' | Fecha: ' || TO_CHAR(SYSDATE, 'DD/MM/YYYY HH24:MI:SS') FROM DUAL;

'USUARIO:'||USER||'|FECHA:'||TO_CHAR(SYSDATE,'DD/MM/YYYYHH24:MI:SS')                                                                                                  
----------------------------------------------------------------------------------------------------------------------------------------------------------------------
Usuario: BASEDEDATOS | Fecha: 05/04/2025 03:37:43

1 fila seleccionada. 

SQL> 
SQL> 
SQL> -- a. ELIMINAR VISTAS
SQL> PROMPT *** ELIMINANDO: VISTAS ***
*** ELIMINANDO: VISTAS ***
SQL> @VIEW/Vistas.sql
SQL> -- Script para eliminar vistas
SQL> DROP VIEW vista_bancos_sucursales CASCADE CONSTRAINTS;

View VISTA_BANCOS_SUCURSALES borrado.

SQL> DROP VIEW vista_personas_telefonos CASCADE CONSTRAINTS;

View VISTA_PERSONAS_TELEFONOS borrado.

SQL> DROP VIEW vista_empleados_cargos CASCADE CONSTRAINTS;

View VISTA_EMPLEADOS_CARGOS borrado.

SQL> DROP VIEW vista_clientes CASCADE CONSTRAINTS;

View VISTA_CLIENTES borrado.

SQL> DROP VIEW vista_empleados CASCADE CONSTRAINTS;

View VISTA_EMPLEADOS borrado.

SQL> DROP VIEW vista_referencias CASCADE CONSTRAINTS;

View VISTA_REFERENCIAS borrado.

SQL> DROP VIEW vista_cliente_referencias CASCADE CONSTRAINTS;

View VISTA_CLIENTE_REFERENCIAS borrado.

SQL> DROP VIEW vista_tarjetas_credito CASCADE CONSTRAINTS;

View VISTA_TARJETAS_CREDITO borrado.

SQL> DROP VIEW vista_movimientos_tarjeta CASCADE CONSTRAINTS;

View VISTA_MOVIMIENTOS_TARJETA borrado.

SQL> DROP VIEW vista_tarjetas_rubros CASCADE CONSTRAINTS;

View VISTA_TARJETAS_RUBROS borrado.

SQL> DROP VIEW vista_corte_monedas CASCADE CONSTRAINTS;

View VISTA_CORTE_MONEDAS borrado.

SQL> DROP VIEW vista_cuentas_bancarias CASCADE CONSTRAINTS;

View VISTA_CUENTAS_BANCARIAS borrado.

SQL> DROP VIEW vista_tarjetas_debito CASCADE CONSTRAINTS;

View VISTA_TARJETAS_DEBITO borrado.

SQL> DROP VIEW vista_transacciones CASCADE CONSTRAINTS;

View VISTA_TRANSACCIONES borrado.

SQL> DROP VIEW vista_prestamos CASCADE CONSTRAINTS;

View VISTA_PRESTAMOS borrado.

SQL> DROP VIEW vista_prestamos_intereses CASCADE CONSTRAINTS;

View VISTA_PRESTAMOS_INTERESES borrado.

SQL> DROP VIEW vista_pagos_prestamos CASCADE CONSTRAINTS;

View VISTA_PAGOS_PRESTAMOS borrado.

SQL> DROP VIEW vista_cobros_prestamos CASCADE CONSTRAINTS;

View VISTA_COBROS_PRESTAMOS borrado.

SQL> DROP VIEW vista_solicitudes_prestamo CASCADE CONSTRAINTS;

View VISTA_SOLICITUDES_PRESTAMO borrado.

SQL> DROP VIEW vista_adjuntos_solicitud CASCADE CONSTRAINTS;

View VISTA_ADJUNTOS_SOLICITUD borrado.

SQL> DROP VIEW vista_flujo_aprobacion CASCADE CONSTRAINTS;

View VISTA_FLUJO_APROBACION borrado.

SQL> DROP VIEW vista_etapas_flujo_aprobacion CASCADE CONSTRAINTS;

View VISTA_ETAPAS_FLUJO_APROBACION borrado.

SQL> DROP VIEW vista_reglas_etapa CASCADE CONSTRAINTS;

View VISTA_REGLAS_ETAPA borrado.

SQL> 
SQL> 
SQL> -- b. ELIMINAR TRIGGERS
SQL> PROMPT *** ELIMINANDO: TRIGGERS ***
*** ELIMINANDO: TRIGGERS ***
SQL> @TRIGGER/Triggers.sql
SQL> DROP TRIGGER TRG_ACTUALIZAR_ESTADO_PRESTAMO;

Trigger TRG_ACTUALIZAR_ESTADO_PRESTAMO borrado.

SQL> DROP TRIGGER TRG_VERIFICAR_ESTADO_PRESTAMO;

Trigger TRG_VERIFICAR_ESTADO_PRESTAMO borrado.

SQL> 
SQL> 
SQL> -- c. ELIMINAR PAQUETES
SQL> PROMPT *** ELIMINANDO: PAQUETES ***
*** ELIMINANDO: PAQUETES ***
SQL> @PACKAGE/Paquete.sql
SQL> -- Eliminar paquetes y sus cuerpos
SQL> DROP PACKAGE BODY PKG_GESTION_ADMINISTRATIVA;

Package body PKG_GESTION_ADMINISTRATIVA borrado.

SQL> DROP PACKAGE PKG_GESTION_ADMINISTRATIVA;

Package PKG_GESTION_ADMINISTRATIVA borrado.

SQL> 
SQL> DROP PACKAGE BODY PKG_REFERENCIAS;

Package body PKG_REFERENCIAS borrado.

SQL> DROP PACKAGE PKG_REFERENCIAS;

Package PKG_REFERENCIAS borrado.

SQL> 
SQL> DROP PACKAGE BODY PKG_TARJETA_CREDITO;

Package body PKG_TARJETA_CREDITO borrado.

SQL> DROP PACKAGE PKG_TARJETA_CREDITO;

Package PKG_TARJETA_CREDITO borrado.

SQL> 
SQL> DROP PACKAGE BODY PKG_CUENTA_BANCARIA;

Package body PKG_CUENTA_BANCARIA borrado.

SQL> DROP PACKAGE PKG_CUENTA_BANCARIA;

Package PKG_CUENTA_BANCARIA borrado.

SQL> 
SQL> DROP PACKAGE BODY PKG_PRESTAMO;

Package body PKG_PRESTAMO borrado.

SQL> DROP PACKAGE PKG_PRESTAMO;

Package PKG_PRESTAMO borrado.

SQL> 
SQL> DROP PACKAGE BODY PKG_SOLICITUD_PRESTAMO;

Package body PKG_SOLICITUD_PRESTAMO borrado.

SQL> DROP PACKAGE PKG_SOLICITUD_PRESTAMO;

Package PKG_SOLICITUD_PRESTAMO borrado.

SQL> 
SQL> DROP PACKAGE BODY PKG_GESTION_PRESTAMO;

Package body PKG_GESTION_PRESTAMO borrado.

SQL> DROP PACKAGE PKG_GESTION_PRESTAMO;

Package PKG_GESTION_PRESTAMO borrado.

SQL> 
SQL> 
SQL> -- d. ELIMINAR USUARIOS Y ROLES
SQL> PROMPT *** ELIMINANDO: USUARIOS Y ROLES ***
*** ELIMINANDO: USUARIOS Y ROLES ***
SQL> @DML/UsuariosRoles.sql
SQL> 
SQL> -- USUARIOS y ROLES (locales desde BDD)
SQL> 
SQL> DROP USER usuario_admin CASCADE;

User USUARIO_ADMIN borrado.

SQL> DROP USER usuario_empleado CASCADE;

User USUARIO_EMPLEADO borrado.

SQL> DROP USER usuario_cliente CASCADE;

User USUARIO_CLIENTE borrado.

SQL> DROP USER usuario_referencia CASCADE;

User USUARIO_REFERENCIA borrado.

SQL> DROP USER usuario_auditor CASCADE;

User USUARIO_AUDITOR borrado.

SQL> 
SQL> DROP USER usuario_ges_admin CASCADE;

User USUARIO_GES_ADMIN borrado.

SQL> DROP USER usuario_ref CASCADE;

User USUARIO_REF borrado.

SQL> DROP USER usuario_tarjeta CASCADE;

User USUARIO_TARJETA borrado.

SQL> DROP USER usuario_cuenta CASCADE;

User USUARIO_CUENTA borrado.

SQL> DROP USER usuario_prestamo CASCADE;

User USUARIO_PRESTAMO borrado.

SQL> DROP USER usuario_solicitud CASCADE;

User USUARIO_SOLICITUD borrado.

SQL> 
SQL> 
SQL> DROP ROLE rol_admin;

Role ROL_ADMIN borrado.

SQL> DROP ROLE rol_empleado;

Role ROL_EMPLEADO borrado.

SQL> DROP ROLE rol_cliente;

Role ROL_CLIENTE borrado.

SQL> DROP ROLE rol_referencia;

Role ROL_REFERENCIA borrado.

SQL> DROP ROLE rol_auditor;

Role ROL_AUDITOR borrado.

SQL> 
SQL> DROP ROLE rol_gestion_admin;

Role ROL_GESTION_ADMIN borrado.

SQL> DROP ROLE rol_referencias;

Role ROL_REFERENCIAS borrado.

SQL> DROP ROLE rol_tarjeta;

Role ROL_TARJETA borrado.

SQL> DROP ROLE rol_cuenta;

Role ROL_CUENTA borrado.

SQL> DROP ROLE rol_prestamo;

Role ROL_PRESTAMO borrado.

SQL> DROP ROLE rol_solicitud;

Role ROL_SOLICITUD borrado.

SQL> 
SQL> 
SQL> -- e. ELIMINAR SECUENCIAS
SQL> PROMPT *** ELIMINANDO: SECUENCIAS ***
*** ELIMINANDO: SECUENCIAS ***
SQL> @DDL/Secuencias.sql
SQL> -- Eliminar todas las secuencias
SQL> DROP SEQUENCE seq_etapa_flujo_aprobacion;

Sequence SEQ_ETAPA_FLUJO_APROBACION borrado.

SQL> DROP SEQUENCE seq_flujo_aprobacion;

Sequence SEQ_FLUJO_APROBACION borrado.

SQL> DROP SEQUENCE seq_regla;

Sequence SEQ_REGLA borrado.

SQL> DROP SEQUENCE seq_etapa;

Sequence SEQ_ETAPA borrado.

SQL> DROP SEQUENCE seq_adjunto;

Sequence SEQ_ADJUNTO borrado.

SQL> DROP SEQUENCE seq_solicitud_prestamo;

Sequence SEQ_SOLICITUD_PRESTAMO borrado.

SQL> DROP SEQUENCE seq_tipo_solicitud;

Sequence SEQ_TIPO_SOLICITUD borrado.

SQL> DROP SEQUENCE seq_cobro_prestamo;

Sequence SEQ_COBRO_PRESTAMO borrado.

SQL> DROP SEQUENCE seq_pago_prestamo;

Sequence SEQ_PAGO_PRESTAMO borrado.

SQL> DROP SEQUENCE seq_prestamo_tipo_interes;

Sequence SEQ_PRESTAMO_TIPO_INTERES borrado.

SQL> DROP SEQUENCE seq_tipo_interes;

Sequence SEQ_TIPO_INTERES borrado.

SQL> DROP SEQUENCE seq_prestamo;

Sequence SEQ_PRESTAMO borrado.

SQL> DROP SEQUENCE seq_tipo_prestamo;

Sequence SEQ_TIPO_PRESTAMO borrado.

SQL> DROP SEQUENCE seq_transaccion;

Sequence SEQ_TRANSACCION borrado.

SQL> DROP SEQUENCE seq_tipo_transaccion;

Sequence SEQ_TIPO_TRANSACCION borrado.

SQL> DROP SEQUENCE seq_tarjeta_debito;

Sequence SEQ_TARJETA_DEBITO borrado.

SQL> DROP SEQUENCE seq_cuenta;

Sequence SEQ_CUENTA borrado.

SQL> DROP SEQUENCE seq_tipo_cuenta;

Sequence SEQ_TIPO_CUENTA borrado.

SQL> DROP SEQUENCE seq_corte_moneda;

Sequence SEQ_CORTE_MONEDA borrado.

SQL> DROP SEQUENCE seq_moneda;

Sequence SEQ_MONEDA borrado.

SQL> DROP SEQUENCE seq_corte;

Sequence SEQ_CORTE borrado.

SQL> DROP SEQUENCE seq_tarjeta_rubro;

Sequence SEQ_TARJETA_RUBRO borrado.

SQL> DROP SEQUENCE seq_rubro;

Sequence SEQ_RUBRO borrado.

SQL> DROP SEQUENCE seq_movimiento;

Sequence SEQ_MOVIMIENTO borrado.

SQL> DROP SEQUENCE seq_tipo_movimiento;

Sequence SEQ_TIPO_MOVIMIENTO borrado.

SQL> DROP SEQUENCE seq_tarjeta_credito;

Sequence SEQ_TARJETA_CREDITO borrado.

SQL> DROP SEQUENCE seq_tipo_tarjeta;

Sequence SEQ_TIPO_TARJETA borrado.

SQL> DROP SEQUENCE seq_cliente_referencia;

Sequence SEQ_CLIENTE_REFERENCIA borrado.

SQL> DROP SEQUENCE seq_referencias;

Sequence SEQ_REFERENCIAS borrado.

SQL> DROP SEQUENCE seq_cliente;

Sequence SEQ_CLIENTE borrado.

SQL> DROP SEQUENCE seq_empleado_cargo;

Sequence SEQ_EMPLEADO_CARGO borrado.

SQL> DROP SEQUENCE seq_cargo;

Sequence SEQ_CARGO borrado.

SQL> DROP SEQUENCE seq_empleado;

Sequence SEQ_EMPLEADO borrado.

SQL> DROP SEQUENCE seq_telefono;

Sequence SEQ_TELEFONO borrado.

SQL> DROP SEQUENCE seq_persona;

Sequence SEQ_PERSONA borrado.

SQL> DROP SEQUENCE seq_sucursal;

Sequence SEQ_SUCURSAL borrado.

SQL> DROP SEQUENCE seq_banco;

Sequence SEQ_BANCO borrado.

SQL> 
SQL> 
SQL> -- f. ELIMINAR TABLAS
SQL> PROMPT *** ELIMINANDO: TABLAS ***
*** ELIMINANDO: TABLAS ***
SQL> @DDL/Tablas.sql
SQL> -- Eliminar tablas del modulo Solicitud
SQL> DROP TABLE EtapaFlujoAprobacion CASCADE CONSTRAINTS;

Table ETAPAFLUJOAPROBACION borrado.

SQL> DROP TABLE FlujoAprobacion CASCADE CONSTRAINTS;

Table FLUJOAPROBACION borrado.

SQL> DROP TABLE Regla CASCADE CONSTRAINTS;

Table REGLA borrado.

SQL> DROP TABLE Etapa CASCADE CONSTRAINTS;

Table ETAPA borrado.

SQL> DROP TABLE Adjunto CASCADE CONSTRAINTS;

Table ADJUNTO borrado.

SQL> DROP TABLE SolicitudPrestamo CASCADE CONSTRAINTS;

Table SOLICITUDPRESTAMO borrado.

SQL> DROP TABLE TipoSolicitud CASCADE CONSTRAINTS;

Table TIPOSOLICITUD borrado.

SQL> 
SQL> -- Modulo Prestamo
SQL> DROP TABLE CobroPrestamo CASCADE CONSTRAINTS;

Table COBROPRESTAMO borrado.

SQL> DROP TABLE PagoPrestamo CASCADE CONSTRAINTS;

Table PAGOPRESTAMO borrado.

SQL> DROP TABLE PrestamoTipoInteres CASCADE CONSTRAINTS;

Table PRESTAMOTIPOINTERES borrado.

SQL> DROP TABLE TipoInteres CASCADE CONSTRAINTS;

Table TIPOINTERES borrado.

SQL> DROP TABLE Prestamo CASCADE CONSTRAINTS;

Table PRESTAMO borrado.

SQL> DROP TABLE TipoPrestamo CASCADE CONSTRAINTS;

Table TIPOPRESTAMO borrado.

SQL> 
SQL> -- Modulo Cuenta
SQL> DROP TABLE Transaccion CASCADE CONSTRAINTS;

Table TRANSACCION borrado.

SQL> DROP TABLE TipoTransaccion CASCADE CONSTRAINTS;

Table TIPOTRANSACCION borrado.

SQL> DROP TABLE TarjetaDebito CASCADE CONSTRAINTS;

Table TARJETADEBITO borrado.

SQL> DROP TABLE Cuenta CASCADE CONSTRAINTS;

Table CUENTA borrado.

SQL> DROP TABLE TipoCuenta CASCADE CONSTRAINTS;

Table TIPOCUENTA borrado.

SQL> 
SQL> -- Modulo Tarjeta
SQL> DROP TABLE CorteMoneda CASCADE CONSTRAINTS;

Table CORTEMONEDA borrado.

SQL> DROP TABLE Moneda CASCADE CONSTRAINTS;

Table MONEDA borrado.

SQL> DROP TABLE Corte CASCADE CONSTRAINTS;

Table CORTE borrado.

SQL> DROP TABLE TarjetaRubro CASCADE CONSTRAINTS;

Table TARJETARUBRO borrado.

SQL> DROP TABLE Rubro CASCADE CONSTRAINTS;

Table RUBRO borrado.

SQL> DROP TABLE Movimiento CASCADE CONSTRAINTS;

Table MOVIMIENTO borrado.

SQL> DROP TABLE TipoMovimiento CASCADE CONSTRAINTS;

Table TIPOMOVIMIENTO borrado.

SQL> DROP TABLE TarjetaCredito CASCADE CONSTRAINTS;

Table TARJETACREDITO borrado.

SQL> DROP TABLE TipoTarjeta CASCADE CONSTRAINTS;

Table TIPOTARJETA borrado.

SQL> 
SQL> -- Modulo Referencias
SQL> DROP TABLE ClienteReferencia CASCADE CONSTRAINTS;

Table CLIENTEREFERENCIA borrado.

SQL> DROP TABLE Referencias CASCADE CONSTRAINTS;

Table REFERENCIAS borrado.

SQL> 
SQL> -- Modulo Gestion Administrativa
SQL> DROP TABLE Cliente CASCADE CONSTRAINTS;

Table CLIENTE borrado.

SQL> DROP TABLE EmpleadoCargo CASCADE CONSTRAINTS;

Table EMPLEADOCARGO borrado.

SQL> DROP TABLE Cargo CASCADE CONSTRAINTS;

Table CARGO borrado.

SQL> DROP TABLE Empleado CASCADE CONSTRAINTS;

Table EMPLEADO borrado.

SQL> DROP TABLE Telefono CASCADE CONSTRAINTS;

Table TELEFONO borrado.

SQL> DROP TABLE Persona CASCADE CONSTRAINTS;

Table PERSONA borrado.

SQL> DROP TABLE Sucursal CASCADE CONSTRAINTS;

Table SUCURSAL borrado.

SQL> DROP TABLE Banco CASCADE CONSTRAINTS;

Table BANCO borrado.

SQL> 
SQL> 
SQL> -- Confirmar eliminaciones
SQL> COMMIT;
Confirmación terminada.
SQL> 
SQL> -- Finalizar spool
SQL> PROMPT *** EJECUCION COMPLETA DEL SCRIPT MAESTRO ***
*** EJECUCION COMPLETA DEL SCRIPT MAESTRO ***
SQL> SPOOL OFF
